Mdi:ArrangeIcons
ScopeSigMgr:loadpffile /afs/ir.stanford.edu/users/s/h/shaim/273/273project/link_model/diff_channel_data_eye_prbs7.tr0 1 openonly
# PF:1
wm geometry .sigmgr._PF:1 231x341+640+380
wm geometry .sigmgr._PF:1 231x341+640+374
wm geometry .sigmgr._PF:1 231x341+640+366
wm geometry .sigmgr._PF:1 231x341+640+353
wm geometry .sigmgr._PF:1 231x341+636+338
wm geometry .sigmgr._PF:1 231x341+633+324
wm geometry .sigmgr._PF:1 231x341+632+305
wm geometry .sigmgr._PF:1 231x341+627+291
wm geometry .sigmgr._PF:1 231x341+624+274
wm geometry .sigmgr._PF:1 231x341+620+261
wm geometry .sigmgr._PF:1 231x341+617+254
wm geometry .sigmgr._PF:1 231x341+615+245
wm geometry .sigmgr._PF:1 231x341+611+236
wm geometry .sigmgr._PF:1 231x341+607+229
wm geometry .sigmgr._PF:1 231x341+605+223
wm geometry .sigmgr._PF:1 231x341+603+221
wm geometry .sigmgr._PF:1 231x341+601+216
wm geometry .sigmgr._PF:1 231x341+597+211
wm geometry .sigmgr._PF:1 231x341+596+210
wm geometry .sigmgr._PF:1 231x341+595+208
wm geometry .sigmgr._PF:1 231x341+594+207
wm geometry .sigmgr._PF:1 231x341+594+206
wm geometry .sigmgr._PF:1 231x341+593+205
pf:read PF:1 v(rx_diff)
# WF:1:1
Graph addsignal WF:1:1 -region new -yview real(y) -xview real(x) -tracehi 2
# Signal0
# Graph1
GrMeas:EyeDiagram Graph0 Signal0 Signal0 either 160p {} {23.92523n 47.85047n} newGraph EasyEye 23.92523n 47.85047n 0
# Graph1 Signal0
# Graph2
GrMeas:EyeDiagram Graph1 Signal0 Signal0 either 93.4p {} {0.0 160p} newGraph EasyEye 0.0 160p 0
# Graph2 Signal0
Graph:Select Graph1
Graph:Select Graph0
# Graph3
GrMeas:EyeDiagram Graph0 Signal0 Signal0 either 93p {} {23.92523n 47.85047n} newGraph EasyEye 23.92523n 47.85047n 0
# Graph3 Signal0
Mdi:Move 23 21
Graph:Select Graph3
Graph:DSel
Graph itemselect AxisX(0) add
# AxisX(0)
Graph:DSel
# Graph4
GrMeas:EyeDiagram Graph3 Signal0 Signal0 either 180p {} {0.0 93p} newGraph EasyEye 0.0 93p 0
# Graph4 Signal0
# Graph5
GrMeas:EyeDiagram Graph4 Signal0 Signal0 either 5000p {} {0.0 93p} newGraph EasyEye 0.0 93p 0
# Graph5 Signal0
# Graph6
GrMeas:EyeDiagram Graph5 Signal0 Signal0 either 1p {} {0.0 93p} newGraph EasyEye 0.0 93p 0
# Graph6 Signal0
wm geometry .sigmgr._PF:1 231x341+599+205
wm geometry .sigmgr._PF:1 231x341+601+205
wm geometry .sigmgr._PF:1 231x341+609+205
wm geometry .sigmgr._PF:1 231x341+614+205
wm geometry .sigmgr._PF:1 231x341+624+203
wm geometry .sigmgr._PF:1 231x341+630+203
wm geometry .sigmgr._PF:1 231x341+637+201
wm geometry .sigmgr._PF:1 231x341+649+200
wm geometry .sigmgr._PF:1 231x341+651+199
wm geometry .sigmgr._PF:1 231x341+661+198
wm geometry .sigmgr._PF:1 231x341+664+198
wm geometry .sigmgr._PF:1 231x341+666+198
wm geometry .sigmgr._PF:1 231x341+669+197
wm geometry .sigmgr._PF:1 231x341+669+196
wm geometry .sigmgr._PF:1 231x341+670+197
wm geometry .sigmgr._PF:1 231x341+671+195
wm geometry .sigmgr._PF:1 231x341+673+193
wm geometry .sigmgr._PF:1 231x341+675+193
wm geometry .sigmgr._PF:1 231x341+676+193
wm geometry .sigmgr._PF:1 231x341+678+191
wm geometry .sigmgr._PF:1 231x341+679+189
wm geometry .sigmgr._PF:1 231x341+682+188
wm geometry .sigmgr._PF:1 231x341+684+188
wm geometry .sigmgr._PF:1 231x341+685+186
wm geometry .sigmgr._PF:1 231x341+686+185
wm geometry .sigmgr._PF:1 231x341+687+186
wm geometry .sigmgr._PF:1 231x341+688+184
wm geometry .sigmgr._PF:1 231x341+690+184
wm geometry .sigmgr._PF:1 231x341+690+183
wm geometry .sigmgr._PF:1 231x341+690+184
wm geometry .sigmgr._PF:1 231x341+691+183
Graph:Select Graph5
Graph:Select Graph4
Graph:Select Graph3
Graph:Select Graph0
# Graph7
GrMeas:EyeDiagram Graph0 Signal0 Signal0 either 10p {} {23.92523n 47.85047n} newGraph EasyEye 23.92523n 47.85047n 0
# Graph7 Signal0
Graph:Select Graph0
# Graph8
GrMeas:EyeDiagram Graph0 Signal0 Signal0 either 93.4p {} {23.92523n 47.85047n} newGraph EasyEye 23.92523n 47.85047n 0
# Graph8 Signal0
