Mdi:ArrangeIcons
Mdi:ArrangeIcons
wm geometry . 900x785+540+0
Mdi:ArrangeIcons
wm geometry . 900x785+517+0
Mdi:ArrangeIcons
wm geometry . 900x785+490+0
Mdi:ArrangeIcons
wm geometry . 900x785+431+0
Mdi:ArrangeIcons
wm geometry . 900x785+420+0
Mdi:ArrangeIcons
wm geometry . 900x785+374+0
Mdi:ArrangeIcons
wm geometry . 900x785+370+0
Mdi:ArrangeIcons
wm geometry . 900x785+363+0
Mdi:ArrangeIcons
wm geometry . 900x785+354+0
Mdi:ArrangeIcons
wm geometry . 900x785+352+0
Mdi:ArrangeIcons
wm geometry . 900x785+351+0
Mdi:ArrangeIcons
Mdi:ArrangeIcons
Mdi:ArrangeIcons
Mdi:ArrangeIcons
Mdi:ArrangeIcons
Mdi:ArrangeIcons
Mdi:ArrangeIcons
Mdi:ArrangeIcons
wm geometry . 900x785+358+0
Mdi:ArrangeIcons
wm geometry . 900x785+480+5
Mdi:ArrangeIcons
Mdi:ArrangeIcons
Mdi:ArrangeIcons
Mdi:ArrangeIcons
Mdi:ArrangeIcons
Mdi:ArrangeIcons
Mdi:ArrangeIcons
Mdi:ArrangeIcons
Mdi:ArrangeIcons
Mdi:ArrangeIcons
Mdi:ArrangeIcons
Mdi:ArrangeIcons
Mdi:ArrangeIcons
Mdi:ArrangeIcons
Mdi:ArrangeIcons
Mdi:ArrangeIcons
Mdi:ArrangeIcons
Mdi:ArrangeIcons
Mdi:ArrangeIcons
Mdi:ArrangeIcons
Mdi:ArrangeIcons
Mdi:ArrangeIcons
Mdi:ArrangeIcons
Mdi:ArrangeIcons
Mdi:ArrangeIcons
Mdi:ArrangeIcons
Mdi:ArrangeIcons
Mdi:ArrangeIcons
Mdi:ArrangeIcons
Mdi:ArrangeIcons
Mdi:ArrangeIcons
Mdi:ArrangeIcons
Mdi:ArrangeIcons
Mdi:ArrangeIcons
Mdi:ArrangeIcons
Mdi:ArrangeIcons
Mdi:ArrangeIcons
Mdi:ArrangeIcons
Mdi:ArrangeIcons
ScopeSigMgr:loadpffile /afs/ir.stanford.edu/users/y/m/ymalviya/EE273/design_project/273project/simulations/HG1/HG1_1_5/HG1_1_5_single_pulse_equalized.tr0 1 openonly
# PF:1
pf:read PF:1 v(rx_diff)
# WF:1:1
Graph addsignal WF:1:1 -region new -yview real(y) -xview real(x) -tracehi 2
# Signal0
wm geometry .sigmgr._PF:1 231x341+728+439
wm geometry .sigmgr._PF:1 231x341+740+439
wm geometry .sigmgr._PF:1 231x341+757+439
wm geometry .sigmgr._PF:1 231x341+768+439
wm geometry .sigmgr._PF:1 231x341+773+439
wm geometry .sigmgr._PF:1 231x341+778+439
wm geometry .sigmgr._PF:1 231x341+780+438
wm geometry .sigmgr._PF:1 231x341+785+437
wm geometry .sigmgr._PF:1 231x341+786+437
wm geometry .sigmgr._PF:1 231x341+793+435
wm geometry .sigmgr._PF:1 231x341+798+433
wm geometry .sigmgr._PF:1 231x341+806+432
wm geometry .sigmgr._PF:1 231x341+815+429
wm geometry .sigmgr._PF:1 231x341+828+426
wm geometry .sigmgr._PF:1 231x341+851+421
wm geometry .sigmgr._PF:1 231x341+860+419
wm geometry .sigmgr._PF:1 231x341+870+419
wm geometry .sigmgr._PF:1 231x341+876+417
wm geometry .sigmgr._PF:1 231x341+882+416
wm geometry .sigmgr._PF:1 231x341+893+415
wm geometry .sigmgr._PF:1 231x341+899+413
wm geometry .sigmgr._PF:1 231x341+902+413
wm geometry .sigmgr._PF:1 231x341+911+411
wm geometry .sigmgr._PF:1 231x341+914+411
wm geometry .sigmgr._PF:1 231x341+918+410
wm geometry .sigmgr._PF:1 231x341+920+410
wm geometry .sigmgr._PF:1 231x341+923+410
wm geometry .sigmgr._PF:1 231x341+925+410
wm geometry .sigmgr._PF:1 231x341+926+410
wm geometry .sigmgr._PF:1 231x341+927+409
wm geometry .sigmgr._PF:1 231x341+928+409
wm geometry .sigmgr._PF:1 231x341+929+409
wm geometry .sigmgr._PF:1 231x341+930+409
wm geometry .sigmgr._PF:1 231x341+931+409
wm geometry .sigmgr._PF:1 231x341+933+409
wm geometry .sigmgr._PF:1 231x341+935+409
wm geometry .sigmgr._PF:1 231x341+937+408
wm geometry .sigmgr._PF:1 231x341+938+408
wm geometry .sigmgr._PF:1 231x341+940+408
wm geometry .sigmgr._PF:1 231x341+941+408
wm geometry .sigmgr._PF:1 231x341+943+407
wm geometry .sigmgr._PF:1 231x341+945+407
wm geometry .sigmgr._PF:1 231x341+946+407
wm geometry .sigmgr._PF:1 231x341+946+406
wm geometry .sigmgr._PF:1 231x341+947+406
ScopeSigMgr:Unload 0 {{(1) HG1_1_5_single_pulse_equalized.tr0}}
Graph0 delsignal Signal0
